\BOOKMARK [1][-]{section*.2}{\376\377\000N\000u\000t\000z\000u\000n\000g\000s\000r\000i\000c\000h\000t\000l\000i\000n\000i\000e}{}% 1
\BOOKMARK [1][-]{section*.3}{\376\377\000G\000l\000o\000s\000s\000a\000r}{}% 2
\BOOKMARK [1][-]{section*.5}{\376\377\000K\000o\000n\000v\000e\000n\000t\000i\000o\000n\000e\000n}{}% 3
\BOOKMARK [1][-]{section.10}{\376\377\000S\000e\000c\000t\000i\000o\000n\000\040\0001}{}% 4
\BOOKMARK [2][-]{subsection.11}{\376\377\000S\000e\000c\000t\000i\000o\000n\000\040\0001\000\040}{section.10}% 5
\BOOKMARK [1][-]{section.32}{\376\377\000S\000e\000c\000t\000i\000o\000n\000\040\0002}{}% 6
\BOOKMARK [2][-]{subsection.33}{\376\377\000S\000u\000b\000s\000e\000c\000t\000i\000o\000n\000\040\0001}{section.32}% 7
\BOOKMARK [1][-]{section.52}{\376\377\000S\000e\000c\000t\000i\000o\000n\000\040\0003}{}% 8
\BOOKMARK [2][-]{subsection.53}{\376\377\000S\000u\000b\000s\000e\000c\000t\000i\000o\000n\000\040\0001}{section.52}% 9
\BOOKMARK [1][-]{section.74}{\376\377\000S\000e\000c\000t\000i\000o\000n\000\040\0002}{}% 10
\BOOKMARK [2][-]{subsection.75}{\376\377\000S\000u\000b\000s\000e\000c\000t\000i\000o\000n\000\040\0001}{section.74}% 11
\BOOKMARK [2][-]{subsection.78}{\376\377\000\334\000b\000u\000n\000g\000e\000n}{section.74}% 12
\BOOKMARK [1][-]{section.81}{\376\377\000S\000e\000c\000t\000i\000o\000n\000\040\0003}{}% 13
\BOOKMARK [2][-]{subsection.82}{\376\377\000S\000u\000b\000s\000e\000c\000t\000i\000o\000n\000\040\0001}{section.81}% 14
\BOOKMARK [2][-]{subsection.85}{\376\377\000\334\000b\000u\000n\000g\000e\000n}{section.81}% 15
\BOOKMARK [1][-]{section.88}{\376\377\000L\000a\000y\000o\000u\000t\000\040\000O\000p\000t\000i\000o\000n\000s}{}% 16
\BOOKMARK [2][-]{subsection.89}{\376\377\000G\000e\000n\000e\000r\000a\000l\000\040\000H\000i\000n\000t\000s}{section.88}% 17
\BOOKMARK [2][-]{subsection.91}{\376\377\000B\000l\000o\000c\000k\000s\000\040\000a\000n\000d\000\040\000B\000o\000x\000e\000s}{section.88}% 18
\BOOKMARK [2][-]{subsection.112}{\376\377\000N\000e\000w\000\040\000E\000n\000v\000i\000r\000o\000n\000m\000e\000n\000t\000s}{section.88}% 19
\BOOKMARK [2][-]{subsection.128}{\376\377\000S\000o\000u\000r\000c\000e\000c\000o\000d\000e\000\040\000L\000i\000s\000t\000i\000n\000g\000s}{section.88}% 20
\BOOKMARK [1][-]{section.146}{\376\377\000L\000\366\000s\000u\000n\000g\000e\000n\000\040\000z\000u\000\040\000d\000e\000n\000\040\000\334\000b\000u\000n\000g\000e\000n}{}% 21
\BOOKMARK [1][-]{section*.147}{\376\377\000L\000i\000t\000e\000r\000a\000t\000u\000r}{}% 22
