This is pdfeTeX, Version 3.141592-1.21a-2.2 (MiKTeX 2.4) (preloaded format=latex 2006.7.18)  4 AUG 2006 00:29
entering extended mode
**literature_script.tex
(literature_script.tex
LaTeX2e <2003/12/01>
Babel <v3.8g> and hyphenation patterns for english, dumylang, nohyphenation, ge
rman, ngerman, french, loaded.
! Undefined control sequence.
l.17    \small
              
? 
! Emergency stop.
l.17    \small
              
End of file on the terminal!

 
Here is how much of TeX's memory you used:
 7 strings out of 95515
 157 string characters out of 1189209
 44794 words of memory out of 1048577
 3203 multiletter control sequences out of 60000
 3640 words of font info for 14 fonts, out of 1000000 for 2000
 14 hyphenation exceptions out of 8191
 5i,0n,1p,104b,8s stack positions out of 5000i,500n,10000p,200000b,32768s
PDF statistics:
 0 PDF objects out of 300000
 0 named destinations out of 300000
 1 words of extra memory for PDF output out of 65536
No pages of output.
